Arguments: 
  C:\Program Files\nodejs\node.exe C:\Users\Hp\AppData\Roaming\npm\node_modules\yarn\bin\yarn.js add react-helmet

PATH: 
  C:\Program Files (x86)\Common Files\Intel\Shared Libraries\redist\intel64\compiler;C:\Program Files\Python38\Scripts\;C:\Program Files\Python38\;C:\Windows\system32;C:\Windows;C:\Windows\System32\Wbem;C:\Windows\System32\WindowsPowerShell\v1.0\;C:\Windows\System32\OpenSSH\;C:\Program Files (x86)\NVIDIA Corporation\PhysX\Common;C:\Program Files\Git\cmd;C:\Program Files\nodejs\;C:\flutter\bin;C:\Program Files\Docker\Docker\resources\bin;C:\ProgramData\DockerDesktop\version-bin;C:\Users\Hp\.jdks\openjdk-15.0.1\bin;C:\Users\Hp\kafka\bin\windows;C:\Users\Hp\anaconda3;C:\Users\Hp\anaconda3\Library\mingw-w64\bin;C:\Users\Hp\anaconda3\Library\usr\bin;C:\Users\Hp\anaconda3\Library\bin;C:\Users\Hp\anaconda3\Scripts;C:\Users\Hp\AppData\Local\Microsoft\WindowsApps;C:\Users\Hp\AppData\Local\Programs\Microsoft VS Code\bin;C:\Users\Hp\AppData\Roaming\npm;C:\Program Files\JetBrains\CLion 2020.2.5\bin;;C:\Program Files\JetBrains\WebStorm 2020.2.4\bin;;C:\Program Files\JetBrains\IntelliJ IDEA Educational Edition 2020.2.4\bin;;C:\Program Files\JetBrains\IntelliJ IDEA 2020.3\bin;

Yarn version: 
  1.22.10

Node version: 
  14.15.1

Platform: 
  win32 x64

Trace: 
  Error: EPERM: operation not permitted, copyfile 'C:\Users\Hp\AppData\Local\Yarn\Cache\v6\npm-gatsby-plugin-utils-0.6.0-ec40fe484e1a46e81175adbf9cc4d6eee9c5dd35-integrity\node_modules\gatsby-plugin-utils\src\utils\plugin-options-schema-joi-type.ts' -> 'C:\Users\Hp\tachom\web\node_modules\gatsby-plugin-utils\src\utils\plugin-options-schema-joi-type.ts'

npm manifest: 
  {
    "name": "software-engineering-agency-tachom",
    "version": "1.0.0",
    "private": true,
    "description": "Software Engineering Agency | Tachom",
    "keywords": [
      "gatsby"
    ],
    "scripts": {
      "develop": "gatsby develop",
      "start": "gatsby develop",
      "build": "gatsby build",
      "serve": "gatsby serve",
      "clean": "gatsby clean"
    },
    "license": "0BSD",
    "dependencies": {
      "gatsby": "^2.26.1",
      "gatsby-image": "^2.8.0",
      "gatsby-plugin-google-gtag": "^2.5.0",
      "gatsby-plugin-postcss": "^3.4.0",
      "gatsby-plugin-sass": "^2.8.0",
      "gatsby-plugin-sharp": "^2.11.1",
      "gatsby-plugin-sitemap": "^2.9.0",
      "gatsby-source-filesystem": "^2.8.0",
      "gatsby-transformer-sharp": "^2.9.0",
      "node-sass": "^5.0.0",
      "postcss": "^8.2.1",
      "react": "^16.13.1",
      "react-dom": "^16.13.1"
    },
    "devDependencies": {
      "tailwindcss": "^2.0.2"
    }
  }

yarn manifest: 
  No manifest

Lockfile: 
  No lockfile
